<?xml version="1.0" encoding="UTF-8"?>
<testsuite xmlns:xsi="http://www.w3.org/2001/XMLSchema-instance" xsi:noNamespaceSchemaLocation="https://maven.apache.org/surefire/maven-surefire-plugin/xsd/surefire-test-report.xsd" name="fr.sauceDallas.getThingsDone.todos.domain.validators.DueDateValidatorTest" time="0.001" tests="2" errors="0" skipped="0" failures="0">
  <properties>
[...]
</properties>
  <testcase name="testBlankDesc" classname="fr.sauceDallas.getThingsDone.todos.domain.validators.DueDateValidatorTest" time="0"/>
  <testcase name="testNoBlankDesc" classname="fr.sauceDallas.getThingsDone.todos.domain.validators.DueDateValidatorTest" time="0"/>
</testsuite>